
> my-project@0.1.0 build
> next build

Γû▓ Next.js 16.1.6 (Turbopack)

  Creating an optimized production build ...
node.exe : 
At line:1 char:1
+ & "C:\Program 
Files\nodejs/node.exe" 
"C:\Program 
Files\nodejs/node_mo 
...
+ ~~~~~~~~~~~~~~~~~~~~~
~~~~~~~~~~~~~~~~~~~~~~~
~~~~~~~~~~~~~~~~~~~~~~~
~~
    + CategoryInfo     
         : NotSpecifi  
  ed: (:String) [],    
 RemoteException
    + FullyQualifiedEr 
   rorId : NativeComm  
  andError
 
> Build error occurred
Error: Turbopack build 
failed with 2 errors:
./components/ebitda-cha
rt.jsx:6:1
Module not found: 
Can't resolve '@/compon
ents/ui/popover'
[0m [90m 4 |[39m 
[36mimport[39m 
[33m*[39m 
[36mas[39m d3 
[36mfrom[39m 
[32m'd3'[39m
 [90m 5 |[39m 
[36mimport[39m { 
[33mSwitch[39m } 
[36mfrom[39m [32m'@/
components/ui/switch'[
39m
[31m[1m>[22m[39m[9
0m 6 |[39m 
[36mimport[39m { [33
mPopover[39m[33m,[39
m [33mPopoverContent[
39m[33m,[39m [33mPop
overTrigger[39m } 
[36mfrom[39m [32m'@/
components/ui/popover'
[39m
 [90m   |[39m [31m[
1m^[22m[39m[31m[1m^
[22m[39m[31m[1m^[2
2m[39m[31m[1m^[22m
[39m[31m[1m^[22m[39
m[31m[1m^[22m[39m[
31m[1m^[22m[39m[31m
[1m^[22m[39m[31m[1
m^[22m[39m[31m[1m^
[22m[39m[31m[1m^[22
m[39m[31m[1m^[22m[
39m[31m[1m^[22m[39m
[31m[1m^[22m[39m[3
1m[1m^[22m[39m[31m
[1m^[22m[39m[31m[1m
^[22m[39m[31m[1m^[
22m[39m[31m[1m^[22m
[39m[31m[1m^[22m[3
9m[31m[1m^[22m[39m
[31m[1m^[22m[39m[31
m[1m^[22m[39m[31m[
1m^[22m[39m[31m[1m^
[22m[39m[31m[1m^[2
2m[39m[31m[1m^[22m
[39m[31m[1m^[22m[39
m[31m[1m^[22m[39m[
31m[1m^[22m[39m[31m
[1m^[22m[39m[31m[1
m^[22m[39m[31m[1m^
[22m[39m[31m[1m^[22
m[39m[31m[1m^[22m[
39m[31m[1m^[22m[39m
[31m[1m^[22m[39m[3
1m[1m^[22m[39m[31m
[1m^[22m[39m[31m[1m
^[22m[39m[31m[1m^[
22m[39m[31m[1m^[22m
[39m[31m[1m^[22m[3
9m[31m[1m^[22m[39m
[31m[1m^[22m[39m[31
m[1m^[22m[39m[31m[
1m^[22m[39m[31m[1m^
[22m[39m[31m[1m^[2
2m[39m[31m[1m^[22m
[39m[31m[1m^[22m[39
m[31m[1m^[22m[39m[
31m[1m^[22m[39m[31m
[1m^[22m[39m[31m[1
m^[22m[39m[31m[1m^
[22m[39m[31m[1m^[22
m[39m[31m[1m^[22m[
39m[31m[1m^[22m[39m
[31m[1m^[22m[39m[3
1m[1m^[22m[39m[31m
[1m^[22m[39m[31m[1m
^[22m[39m[31m[1m^[
22m[39m[31m[1m^[22m
[39m[31m[1m^[22m[3
9m[31m[1m^[22m[39m
[31m[1m^[22m[39m[31
m[1m^[22m[39m[31m[
1m^[22m[39m[31m[1m^
[22m[39m[31m[1m^[2
2m[39m[31m[1m^[22m
[39m[31m[1m^[22m[39
m[31m[1m^[22m[39m[
31m[1m^[22m[39m[31m
[1m^[22m[39m[31m[1
m^[22m[39m[31m[1m^
[22m[39m[31m[1m^[22
m[39m[31m[1m^[22m[
39m
 [90m 7 |[39m 
[36mimport[39m {
 [90m 8 |[39m   [33m
BarChart3[39m[33m,[3
9m
 [90m 9 |[39m   [33m
Table[39m[33m,[39m[
0m

Import map: aliased to 
relative './components/
ui/popover' inside of 
[project]/


Import trace:
  Server Component:
    ./components/ebitda
-chart.jsx
    ./app/page.jsx

https://nextjs.org/docs
/messages/module-not-fo
und


./components/ebitda-cha
rt.jsx:5:1
Module not found: 
Can't resolve '@/compon
ents/ui/switch'
[0m [90m 3 |[39m 
[36mimport[39m [33mR
eact[39m[33m,[39m { 
useRef[33m,[39m 
useEffect[33m,[39m 
useState[33m,[39m 
useCallback } 
[36mfrom[39m 
[32m'react'[39m
 [90m 4 |[39m 
[36mimport[39m 
[33m*[39m 
[36mas[39m d3 
[36mfrom[39m 
[32m'd3'[39m
[31m[1m>[22m[39m[9
0m 5 |[39m 
[36mimport[39m { 
[33mSwitch[39m } 
[36mfrom[39m [32m'@/
components/ui/switch'[
39m
 [90m   |[39m [31m[
1m^[22m[39m[31m[1m^
[22m[39m[31m[1m^[2
2m[39m[31m[1m^[22m
[39m[31m[1m^[22m[39
m[31m[1m^[22m[39m[
31m[1m^[22m[39m[31m
[1m^[22m[39m[31m[1
m^[22m[39m[31m[1m^
[22m[39m[31m[1m^[22
m[39m[31m[1m^[22m[
39m[31m[1m^[22m[39m
[31m[1m^[22m[39m[3
1m[1m^[22m[39m[31m
[1m^[22m[39m[31m[1m
^[22m[39m[31m[1m^[
22m[39m[31m[1m^[22m
[39m[31m[1m^[22m[3
9m[31m[1m^[22m[39m
[31m[1m^[22m[39m[31
m[1m^[22m[39m[31m[
1m^[22m[39m[31m[1m^
[22m[39m[31m[1m^[2
2m[39m[31m[1m^[22m
[39m[31m[1m^[22m[39
m[31m[1m^[22m[39m[
31m[1m^[22m[39m[31m
[1m^[22m[39m[31m[1
m^[22m[39m[31m[1m^
[22m[39m[31m[1m^[22
m[39m[31m[1m^[22m[
39m[31m[1m^[22m[39m
[31m[1m^[22m[39m[3
1m[1m^[22m[39m[31m
[1m^[22m[39m[31m[1m
^[22m[39m[31m[1m^[
22m[39m[31m[1m^[22m
[39m[31m[1m^[22m[3
9m[31m[1m^[22m[39m
[31m[1m^[22m[39m[31
m[1m^[22m[39m[31m[
1m^[22m[39m
 [90m 6 |[39m 
[36mimport[39m { [33
mPopover[39m[33m,[39
m [33mPopoverContent[
39m[33m,[39m [33mPop
overTrigger[39m } 
[36mfrom[39m [32m'@/
components/ui/popover'
[39m
 [90m 7 |[39m 
[36mimport[39m {
 [90m 8 |[39m   [33m
BarChart3[39m[33m,[3
9m[0m

Import map: aliased to 
relative './components/
ui/switch' inside of 
[project]/


Import trace:
  Server Component:
    ./components/ebitda
-chart.jsx
    ./app/page.jsx

https://nextjs.org/docs
/messages/module-not-fo
und


    at <unknown> (./com
ponents/ebitda-chart.js
x:6:1)
    at <unknown> (https
://nextjs.org/docs/mess
ages/module-not-found)
    at <unknown> (./com
ponents/ebitda-chart.js
x:5:1)
    at <unknown> (https
://nextjs.org/docs/mess
ages/module-not-found)
